0 info it worked if it ends with ok
1 verbose cli [ '/usr/bin/node', '/usr/bin/npm', 'run', 'start' ]
2 info using npm@3.5.2
3 info using node@v8.10.0
4 verbose run-script [ 'prestart', 'start', 'poststart' ]
5 info lifecycle blockchain@1.0.0~prestart: blockchain@1.0.0
6 silly lifecycle blockchain@1.0.0~prestart: no script for prestart, continuing
7 info lifecycle blockchain@1.0.0~start: blockchain@1.0.0
8 verbose lifecycle blockchain@1.0.0~start: unsafe-perm in lifecycle true
9 verbose lifecycle blockchain@1.0.0~start: PATH: /usr/share/npm/bin/node-gyp-bin:/mnt/c/git/blockchain/node_modules/.bin:/usr/local/sbin:/usr/local/bin:/usr/sbin:/usr/bin:/sbin:/bin:/usr/games:/usr/local/games:/mnt/c/Program Files (x86)/Microsoft Visual Studio/2017/Community/VC/Tools/MSVC/14.16.27023/bin/Hostx86/x86:/mnt/c/Program Files (x86)/Microsoft Visual Studio/2017/Community/Common7/IDE/VC/vcpackages:/mnt/c/Program Files (x86)/Microsoft Visual Studio/2017/Community/Common7/IDE/CommonExtensions/Microsoft/TestWindow:/mnt/c/Program Files (x86)/Microsoft Visual Studio/2017/Community/Common7/IDE/CommonExtensions/Microsoft/TeamFoundation/Team Explorer:/mnt/c/Program Files (x86)/Microsoft Visual Studio/2017/Community/MSBuild/15.0/Bin/Roslyn:/mnt/c/Program Files (x86)/Microsoft Visual Studio/2017/Community/Team Tools/Performance Tools:/mnt/c/Program Files (x86)/Microsoft Visual Studio/Shared/Common/VSPerfCollectionTools:/mnt/c/Program Files (x86)/Microsoft SDKs/Windows/v10.0A/bin/NETFX 4.6.1 Tools:/mnt/c/Program Files (x86)/Windows Kits/10/bin/10.0.17763.0/x86:/mnt/c/Program Files (x86)/Windows Kits/10/bin/x86:/mnt/c/Program Files (x86)/Microsoft Visual Studio/2017/Community/MSBuild/15.0/Bin:/mnt/c/Windows/Microsoft.NET/Framework/v4.0.30319:/mnt/c/Program Files (x86)/Microsoft Visual Studio/2017/Community/Common7/IDE:/mnt/c/Program Files (x86)/Microsoft Visual Studio/2017/Community/Common7/Tools:/mnt/c/Program Files/NVIDIA GPU Computing Toolkit/CUDA/v10.0/bin:/mnt/c/Program Files/NVIDIA GPU Computing Toolkit/CUDA/v10.0/libnvvp:/mnt/c/Program Files/NVIDIA GPU Computing Toolkit/CUDA/v9.0/bin:/mnt/c/Program Files/NVIDIA GPU Computing Toolkit/CUDA/v9.0/libnvvp:/mnt/c/Windows/System32:/mnt/c/Windows:/mnt/c/Windows/System32/wbem:/mnt/c/Windows/System32/WindowsPowerShell/v1.0:/mnt/c/Program Files (x86)/GtkSharp/2.12/bin:/mnt/c/Program Files/Git/cmd:/mnt/c/Program Files/Unity/Editor:/mnt/c/Program Files (x86)/NVIDIA Corporation/PhysX/Common:/mnt/c/Users/Pascal/AppData/Local/Microsoft/WindowsApps:/mnt/c/Program Files (x86)/Microsoft Visual Studio/2017/Community/Common7/IDE/CommonExtensions/Microsoft/CMake/CMake/bin:/mnt/c/Program Files (x86)/Microsoft Visual Studio/2017/Community/Common7/IDE/CommonExtensions/Microsoft/CMake/Ninja:/snap/bin
10 verbose lifecycle blockchain@1.0.0~start: CWD: /mnt/c/git/blockchain
11 silly lifecycle blockchain@1.0.0~start: Args: [ '-c', 'node run .' ]
12 silly lifecycle blockchain@1.0.0~start: Returned: code: 1  signal: null
13 info lifecycle blockchain@1.0.0~start: Failed to exec start script
14 verbose stack Error: blockchain@1.0.0 start: `node run .`
14 verbose stack Exit status 1
14 verbose stack     at EventEmitter.<anonymous> (/usr/share/npm/lib/utils/lifecycle.js:232:16)
14 verbose stack     at emitTwo (events.js:126:13)
14 verbose stack     at EventEmitter.emit (events.js:214:7)
14 verbose stack     at ChildProcess.<anonymous> (/usr/share/npm/lib/utils/spawn.js:24:14)
14 verbose stack     at emitTwo (events.js:126:13)
14 verbose stack     at ChildProcess.emit (events.js:214:7)
14 verbose stack     at maybeClose (internal/child_process.js:925:16)
14 verbose stack     at Process.ChildProcess._handle.onexit (internal/child_process.js:209:5)
15 verbose pkgid blockchain@1.0.0
16 verbose cwd /mnt/c/git/blockchain
17 error Linux 4.4.0-17134-Microsoft
18 error argv "/usr/bin/node" "/usr/bin/npm" "run" "start"
19 error node v8.10.0
20 error npm  v3.5.2
21 error code ELIFECYCLE
22 error blockchain@1.0.0 start: `node run .`
22 error Exit status 1
23 error Failed at the blockchain@1.0.0 start script 'node run .'.
23 error Make sure you have the latest version of node.js and npm installed.
23 error If you do, this is most likely a problem with the blockchain package,
23 error not with npm itself.
23 error Tell the author that this fails on your system:
23 error     node run .
23 error You can get information on how to open an issue for this project with:
23 error     npm bugs blockchain
23 error Or if that isn't available, you can get their info via:
23 error     npm owner ls blockchain
23 error There is likely additional logging output above.
24 verbose exit [ 1, true ]
